Using pre-set license
Built from '2020.2/release' branch; Version is '2020.2.1f1 (270dd8c3da1c) revision 2559448'; Using compiler version '192528614'; Build Type 'Release'
OS: 'Windows 10  (10.0.0) 64bit' Language: 'en' Physical Memory: 16196 MB
BatchMode: 1, IsHumanControllingUs: 0, StartBugReporterOnCrash: 0, Is64bit: 1, IsPro: 0

 COMMAND LINE ARGUMENTS:
D:\Unity\2020.2.1f1\Editor\Unity.exe
-adb2
-batchMode
-noUpm
-name
AssetImportWorker0
-projectPath
C:/Users/migue/Desktop/Ulsa-2d-project-master
-logFile
Logs/AssetImportWorker0.log
-srvPort
62782
Successfully changed project path to: C:/Users/migue/Desktop/Ulsa-2d-project-master
C:/Users/migue/Desktop/Ulsa-2d-project-master
Using Asset Import Pipeline V2.
Refreshing native plugins compatible for Editor in 213.29 ms, found 1 plugins.
Preloading 0 native plugins for Editor in 0.00 ms.
Initialize engine version: 2020.2.1f1 (270dd8c3da1c)
[Subsystems] Discovering subsystems at path D:/Unity/2020.2.1f1/Editor/Data/Resources/UnitySubsystems
[Subsystems] Discovering subsystems at path C:/Users/migue/Desktop/Ulsa-2d-project-master/Assets
GfxDevice: creating device client; threaded=0
Direct3D:
    Version:  Direct3D 11.0 [level 11.1]
    Renderer: NVIDIA GeForce GTX 1660 Ti (ID=0x2191)
    Vendor:   
    VRAM:     5991 MB
    Driver:   26.21.14.4145
Initialize mono
Mono path[0] = 'D:/Unity/2020.2.1f1/Editor/Data/Managed'
Mono path[1] = 'D:/Unity/2020.2.1f1/Editor/Data/MonoBleedingEdge/lib/mono/unityjit'
Mono config path = 'D:/Unity/2020.2.1f1/Editor/Data/MonoBleedingEdge/etc'
Using monoOptions --debugger-agent=transport=dt_socket,embedding=1,server=y,suspend=n,address=127.0.0.1:56980
Begin MonoManager ReloadAssembly
Registering precompiled unity dll's ...
Register platform support module: D:/Unity/2020.2.1f1/Editor/Data/PlaybackEngines/WindowsStandaloneSupport/UnityEditor.WindowsStandalone.Extensions.dll
Registered in 0.003685 seconds.
Native extension for WindowsStandalone target not found
Refreshing native plugins compatible for Editor in 249.79 ms, found 1 plugins.
Preloading 0 native plugins for Editor in 0.00 ms.
Invoked RoslynAnalysisRunner static constructor.
RoslynAnalysisRunner will not be running.
RoslynAnalysisRunner has terminated.
Mono: successfully reloaded assembly
- Completed reload, in  5.497 seconds
Platform modules already initialized, skipping
Registering precompiled user dll's ...
Registered in 0.006116 seconds.
Begin MonoManager ReloadAssembly
Native extension for WindowsStandalone target not found
Refreshing native plugins compatible for Editor in 279.16 ms, found 1 plugins.
Preloading 0 native plugins for Editor in 0.00 ms.
Invoked RoslynAnalysisRunner static constructor.
RoslynAnalysisRunner will not be running.
RoslynAnalysisRunner has terminated.
Mono: successfully reloaded assembly
- Completed reload, in  8.673 seconds
Platform modules already initialized, skipping
========================================================================
Worker process is ready to serve import requests
Shader 'Universal Render Pipeline/Particles/Lit': fallback shader 'Universal Render Pipeline/Particles/SimpleLit' not found
Shader 'Universal Render Pipeline/Particles/Lit': fallback shader 'Universal Render Pipeline/Particles/SimpleLit' not found
Launched and connected shader compiler UnityShaderCompiler.exe after 0.22 seconds
Refreshing native plugins compatible for Editor in 2.52 ms, found 1 plugins.
Preloading 0 native plugins for Editor in 0.00 ms.
Unloading 3632 Unused Serialized files (Serialized files now loaded: 0)
System memory in use before: 150.0 MB.
System memory in use after: 147.2 MB.

Unloading 71 unused Assets to reduce memory usage. Loaded Objects now: 4029.
Total: 24.004300 ms (FindLiveObjects: 1.207600 ms CreateObjectMapping: 1.228000 ms MarkObjects: 11.143800 ms  DeleteObjects: 10.421400 ms)

========================================================================
Received Import Request.
  path: Assets/2Dcharacter.mat
  artifactKey: Guid(0f5be6ff2eabc9645acf034809e83dd1) Importer(815301076,1909f56bfc062723c751e8b465ee728b)
Start importing Assets/2Dcharacter.mat using Guid(0f5be6ff2eabc9645acf034809e83dd1) Importer(815301076,1909f56bfc062723c751e8b465ee728b)  -> (artifact id: '1748dbb4aeb3628c90578bab59a365db') in 2.870139 seconds
  Import took 2.893280 seconds .

========================================================================
Received Import Request.
  Time since last request: 0.000473 seconds.
  path: Assets/2DRendering.asset
  artifactKey: Guid(d2240810513d05947b4477b429a0be48) Importer(815301076,1909f56bfc062723c751e8b465ee728b)
Start importing Assets/2DRendering.asset using Guid(d2240810513d05947b4477b429a0be48) Importer(815301076,1909f56bfc062723c751e8b465ee728b)  -> (artifact id: '451a61f65fec8d06434e1336de18f26c') in 0.024952 seconds
  Import took 0.046032 seconds .

========================================================================
Received Import Request.
  Time since last request: 0.000405 seconds.
  path: Assets/Readme.asset
  artifactKey: Guid(83c2ed844a8c74b779a4c823d16594b1) Importer(815301076,1909f56bfc062723c751e8b465ee728b)
Start importing Assets/Readme.asset using Guid(83c2ed844a8c74b779a4c823d16594b1) Importer(815301076,1909f56bfc062723c751e8b465ee728b)  -> (artifact id: 'f4e359b7e94c49a95a639ee94d423a67') in 0.025515 seconds
  Import took 0.049316 seconds .

========================================================================
Received Import Request.
  Time since last request: 534.262225 seconds.
  path: Assets/Scenes/main.unity
  artifactKey: Guid(d67851a410f377e45b39d1b58865412d) Importer(815301076,1909f56bfc062723c751e8b465ee728b)
Start importing Assets/Scenes/main.unity using Guid(d67851a410f377e45b39d1b58865412d) Importer(815301076,1909f56bfc062723c751e8b465ee728b)  -> (artifact id: 'e325dca342a644eae4b260726a57b9b0') in 0.007053 seconds
  Import took 0.014287 seconds .

========================================================================
Received Import Request.
  Time since last request: 0.028948 seconds.
  path: Assets/Scenes/main.unity
  artifactKey: Guid(d67851a410f377e45b39d1b58865412d) Importer(815301076,1909f56bfc062723c751e8b465ee728b)
Start importing Assets/Scenes/main.unity using Guid(d67851a410f377e45b39d1b58865412d) Importer(815301076,1909f56bfc062723c751e8b465ee728b)  -> (artifact id: 'e325dca342a644eae4b260726a57b9b0') in 0.003171 seconds
  Import took 0.009699 seconds .

========================================================================
Received Prepare
Registering precompiled user dll's ...
Registered in 0.001648 seconds.
Begin MonoManager ReloadAssembly
Native extension for WindowsStandalone target not found
Refreshing native plugins compatible for Editor in 0.57 ms, found 1 plugins.
Preloading 0 native plugins for Editor in 0.00 ms.
Invoked RoslynAnalysisRunner static constructor.
RoslynAnalysisRunner will not be running.
RoslynAnalysisRunner has terminated.
Mono: successfully reloaded assembly
- Completed reload, in  1.049 seconds
Platform modules already initialized, skipping
Shader 'Universal Render Pipeline/Particles/Lit': fallback shader 'Universal Render Pipeline/Particles/SimpleLit' not found
Shader 'Universal Render Pipeline/Particles/Lit': fallback shader 'Universal Render Pipeline/Particles/SimpleLit' not found
Refreshing native plugins compatible for Editor in 0.61 ms, found 1 plugins.
Preloading 0 native plugins for Editor in 0.00 ms.
Unloading 3560 Unused Serialized files (Serialized files now loaded: 0)
System memory in use before: 152.4 MB.
System memory in use after: 149.7 MB.

Unloading 57 unused Assets to reduce memory usage. Loaded Objects now: 4113.
Total: 3.642500 ms (FindLiveObjects: 0.311700 ms CreateObjectMapping: 0.156300 ms MarkObjects: 1.758100 ms  DeleteObjects: 1.415700 ms)

AssetImportWorkerClient::OnTransportError - code=2 error=End of file
