Using pre-set license
Built from '2020.2/release' branch; Version is '2020.2.1f1 (270dd8c3da1c) revision 2559448'; Using compiler version '192528614'; Build Type 'Release'
OS: 'Windows 10  (10.0.0) 64bit' Language: 'en' Physical Memory: 16196 MB
BatchMode: 1, IsHumanControllingUs: 0, StartBugReporterOnCrash: 0, Is64bit: 1, IsPro: 0

 COMMAND LINE ARGUMENTS:
D:\Unity\2020.2.1f1\Editor\Unity.exe
-adb2
-batchMode
-noUpm
-name
AssetImportWorker0
-projectPath
D:/Unity Projects/ulsa21-2d-project
-logFile
Logs/AssetImportWorker0.log
-srvPort
54688
Successfully changed project path to: D:/Unity Projects/ulsa21-2d-project
D:/Unity Projects/ulsa21-2d-project
Using Asset Import Pipeline V2.
Refreshing native plugins compatible for Editor in 150.02 ms, found 1 plugins.
Preloading 0 native plugins for Editor in 0.00 ms.
Initialize engine version: 2020.2.1f1 (270dd8c3da1c)
[Subsystems] Discovering subsystems at path D:/Unity/2020.2.1f1/Editor/Data/Resources/UnitySubsystems
[Subsystems] Discovering subsystems at path D:/Unity Projects/ulsa21-2d-project/Assets
GfxDevice: creating device client; threaded=0
Direct3D:
    Version:  Direct3D 11.0 [level 11.1]
    Renderer: NVIDIA GeForce GTX 1660 Ti (ID=0x2191)
    Vendor:   
    VRAM:     5991 MB
    Driver:   26.21.14.4145
Shader 'Universal Render Pipeline/Particles/Lit': fallback shader 'Universal Render Pipeline/Particles/SimpleLit' not found
Initialize mono
Mono path[0] = 'D:/Unity/2020.2.1f1/Editor/Data/Managed'
Mono path[1] = 'D:/Unity/2020.2.1f1/Editor/Data/MonoBleedingEdge/lib/mono/unityjit'
Mono config path = 'D:/Unity/2020.2.1f1/Editor/Data/MonoBleedingEdge/etc'
Using monoOptions --debugger-agent=transport=dt_socket,embedding=1,server=y,suspend=n,address=127.0.0.1:56764
Begin MonoManager ReloadAssembly
Registering precompiled unity dll's ...
Register platform support module: D:/Unity/2020.2.1f1/Editor/Data/PlaybackEngines/WindowsStandaloneSupport/UnityEditor.WindowsStandalone.Extensions.dll
Registered in 0.002257 seconds.
Native extension for WindowsStandalone target not found
Refreshing native plugins compatible for Editor in 147.71 ms, found 1 plugins.
Preloading 0 native plugins for Editor in 0.00 ms.
Invoked RoslynAnalysisRunner static constructor.
RoslynAnalysisRunner will not be running.
RoslynAnalysisRunner has terminated.
Mono: successfully reloaded assembly
- Completed reload, in  3.175 seconds
Platform modules already initialized, skipping
Registering precompiled user dll's ...
Registered in 0.002728 seconds.
Begin MonoManager ReloadAssembly
Native extension for WindowsStandalone target not found
Refreshing native plugins compatible for Editor in 143.43 ms, found 1 plugins.
Preloading 0 native plugins for Editor in 0.00 ms.
Invoked RoslynAnalysisRunner static constructor.
RoslynAnalysisRunner will not be running.
RoslynAnalysisRunner has terminated.
Mono: successfully reloaded assembly
- Completed reload, in  2.588 seconds
Platform modules already initialized, skipping
========================================================================
Worker process is ready to serve import requests
Shader 'Universal Render Pipeline/Particles/Lit': fallback shader 'Universal Render Pipeline/Particles/SimpleLit' not found
Launched and connected shader compiler UnityShaderCompiler.exe after 0.10 seconds
Refreshing native plugins compatible for Editor in 1.18 ms, found 1 plugins.
Preloading 0 native plugins for Editor in 0.00 ms.
Unloading 3634 Unused Serialized files (Serialized files now loaded: 0)
System memory in use before: 152.9 MB.
System memory in use after: 153.1 MB.

Unloading 21 unused Assets to reduce memory usage. Loaded Objects now: 4084.
Total: 5.870600 ms (FindLiveObjects: 0.695000 ms CreateObjectMapping: 0.499900 ms MarkObjects: 4.520100 ms  DeleteObjects: 0.153600 ms)

========================================================================
Received Import Request.
  path: Assets/Presets
  artifactKey: Guid(558255460b74ec04fa70b5570e9327bd) Importer(815301076,1909f56bfc062723c751e8b465ee728b)
Start importing Assets/Presets using Guid(558255460b74ec04fa70b5570e9327bd) Importer(815301076,1909f56bfc062723c751e8b465ee728b)  -> (artifact id: '5fb935aa39e5c6fb8d2f6fcfd589c9b3') in 0.017355 seconds
  Import took 0.029433 seconds .

========================================================================
Received Prepare
Registering precompiled user dll's ...
Registered in 0.002730 seconds.
Begin MonoManager ReloadAssembly
Native extension for WindowsStandalone target not found
Refreshing native plugins compatible for Editor in 1.17 ms, found 1 plugins.
Preloading 0 native plugins for Editor in 0.00 ms.
Invoked RoslynAnalysisRunner static constructor.
RoslynAnalysisRunner will not be running.
RoslynAnalysisRunner has terminated.
Mono: successfully reloaded assembly
- Completed reload, in  2.356 seconds
Platform modules already initialized, skipping
Shader 'Universal Render Pipeline/Particles/Lit': fallback shader 'Universal Render Pipeline/Particles/SimpleLit' not found
Refreshing native plugins compatible for Editor in 1.16 ms, found 1 plugins.
Preloading 0 native plugins for Editor in 0.00 ms.
Unloading 3509 Unused Serialized files (Serialized files now loaded: 0)
System memory in use before: 146.3 MB.
System memory in use after: 146.5 MB.

Unloading 9 unused Assets to reduce memory usage. Loaded Objects now: 4087.
Total: 6.359000 ms (FindLiveObjects: 0.645000 ms CreateObjectMapping: 0.492500 ms MarkObjects: 5.172800 ms  DeleteObjects: 0.046100 ms)

========================================================================
Received Import Request.
  Time since last request: 14.523031 seconds.
  path: Assets/Scenes
  artifactKey: Guid(dd0972cbaf56e9841b99ab9f6143f5d4) Importer(815301076,1909f56bfc062723c751e8b465ee728b)
Start importing Assets/Scenes using Guid(dd0972cbaf56e9841b99ab9f6143f5d4) Importer(815301076,1909f56bfc062723c751e8b465ee728b)  -> (artifact id: '730136cce18108a27232d003e3be7eaa') in 0.019274 seconds
  Import took 0.031470 seconds .

========================================================================
Received Import Request.
  Time since last request: 0.001187 seconds.
  path: Assets/Scenes
  artifactKey: Guid(dd0972cbaf56e9841b99ab9f6143f5d4) Importer(815301076,1909f56bfc062723c751e8b465ee728b)
Start importing Assets/Scenes using Guid(dd0972cbaf56e9841b99ab9f6143f5d4) Importer(815301076,1909f56bfc062723c751e8b465ee728b)  -> (artifact id: '730136cce18108a27232d003e3be7eaa') in 0.003180 seconds
  Import took 0.014865 seconds .

========================================================================
Received Import Request.
  Time since last request: 11.643160 seconds.
  path: Assets
  artifactKey: Guid(00000000000000001000000000000000) Importer(815301076,1909f56bfc062723c751e8b465ee728b)
Start importing Assets using Guid(00000000000000001000000000000000) Importer(815301076,1909f56bfc062723c751e8b465ee728b)  -> (artifact id: 'e1a2c4dac9df7c17871e19a3b74f0e9f') in 0.020656 seconds
  Import took 0.037977 seconds .

========================================================================
Received Import Request.
  Time since last request: 5.889764 seconds.
  path: Assets/Shaders
  artifactKey: Guid(a5da950d43c342b4eb0da70374a45661) Importer(815301076,1909f56bfc062723c751e8b465ee728b)
Start importing Assets/Shaders using Guid(a5da950d43c342b4eb0da70374a45661) Importer(815301076,1909f56bfc062723c751e8b465ee728b)  -> (artifact id: 'e6e0ddd365f9d017f09172b59d86dbd0') in 0.011410 seconds
  Import took 0.022973 seconds .

========================================================================
Received Import Request.
  Time since last request: 5.831135 seconds.
  path: Assets/Materials/Skybox_Mat.mat
  artifactKey: Guid(0ffaa0b7117ba8c47a9d05ae701d4b4d) Importer(815301076,1909f56bfc062723c751e8b465ee728b)
Start importing Assets/Materials/Skybox_Mat.mat using Guid(0ffaa0b7117ba8c47a9d05ae701d4b4d) Importer(815301076,1909f56bfc062723c751e8b465ee728b)  -> (artifact id: 'c4320e24c1474b04d572ff4fba9b2855') in 0.560781 seconds
  Import took 0.578984 seconds .

========================================================================
Received Import Request.
  Time since last request: 0.000441 seconds.
  path: Assets/Materials
  artifactKey: Guid(d0234ba368eeec9418390da711bfdad0) Importer(815301076,1909f56bfc062723c751e8b465ee728b)
Start importing Assets/Materials using Guid(d0234ba368eeec9418390da711bfdad0) Importer(815301076,1909f56bfc062723c751e8b465ee728b)  -> (artifact id: 'd272267023c4dab75b4f78e067ab00ee') in 0.011397 seconds
  Import took 0.023080 seconds .

========================================================================
Received Import Request.
  Time since last request: 0.000353 seconds.
  path: Assets/Materials/Skybox_Mat.mat
  artifactKey: Guid(0ffaa0b7117ba8c47a9d05ae701d4b4d) Importer(815301076,1909f56bfc062723c751e8b465ee728b)
Start importing Assets/Materials/Skybox_Mat.mat using Guid(0ffaa0b7117ba8c47a9d05ae701d4b4d) Importer(815301076,1909f56bfc062723c751e8b465ee728b)  -> (artifact id: 'c4320e24c1474b04d572ff4fba9b2855') in 0.028960 seconds
  Import took 0.041065 seconds .

========================================================================
Received Import Request.
  Time since last request: 2.172347 seconds.
  path: Assets/Presets/AudioCompressedInMemory.preset
  artifactKey: Guid(2dd802e4d37c65149922028d3e973832) Importer(815301076,1909f56bfc062723c751e8b465ee728b)
Start importing Assets/Presets/AudioCompressedInMemory.preset using Guid(2dd802e4d37c65149922028d3e973832) Importer(815301076,1909f56bfc062723c751e8b465ee728b)  -> (artifact id: '485072ab9eb2fe458dd83e1cc1bfcaba') in 0.096891 seconds
  Import took 0.108857 seconds .

========================================================================
Received Import Request.
  Time since last request: 0.000521 seconds.
  path: Assets/Presets/AudioStreaming.preset
  artifactKey: Guid(86bcce7f5575b54408aa0f3a7d321039) Importer(815301076,1909f56bfc062723c751e8b465ee728b)
Start importing Assets/Presets/AudioStreaming.preset using Guid(86bcce7f5575b54408aa0f3a7d321039) Importer(815301076,1909f56bfc062723c751e8b465ee728b)  -> (artifact id: 'c4b1d7c5031e049f03f14a168f7ec2d6') in 0.032414 seconds
  Import took 0.045005 seconds .

========================================================================
Received Import Request.
  Time since last request: 0.000373 seconds.
  path: Assets/Presets/NormalTexture.preset
  artifactKey: Guid(14a57cf3b9fa1c74b884aa7e0dcf1faa) Importer(815301076,1909f56bfc062723c751e8b465ee728b)
Start importing Assets/Presets/NormalTexture.preset using Guid(14a57cf3b9fa1c74b884aa7e0dcf1faa) Importer(815301076,1909f56bfc062723c751e8b465ee728b)  -> (artifact id: '3afb494d8d7fdf237fd4b46aa11ed745') in 0.044261 seconds
  Import took 0.058278 seconds .

========================================================================
Received Import Request.
  Time since last request: 0.000431 seconds.
  path: Assets/Presets/UtilityTexture.preset
  artifactKey: Guid(45f7b2e3c78185248b3adbb14429c2ab) Importer(815301076,1909f56bfc062723c751e8b465ee728b)
Start importing Assets/Presets/UtilityTexture.preset using Guid(45f7b2e3c78185248b3adbb14429c2ab) Importer(815301076,1909f56bfc062723c751e8b465ee728b)  -> (artifact id: '72906fba77e477db7b77dd5534ba67f7') in 0.038019 seconds
  Import took 0.050820 seconds .

========================================================================
Received Import Request.
  Time since last request: 1.946508 seconds.
  path: Assets/Sprites/coin brush.asset
  artifactKey: Guid(fd18a6e5543d9404996ed7cc8aa887bb) Importer(815301076,1909f56bfc062723c751e8b465ee728b)
Start importing Assets/Sprites/coin brush.asset using Guid(fd18a6e5543d9404996ed7cc8aa887bb) Importer(815301076,1909f56bfc062723c751e8b465ee728b)  -> (artifact id: '991573521cf87c2b1ea3ba82725de845') in 0.023849 seconds
  Import took 0.035404 seconds .

========================================================================
Received Import Request.
  Time since last request: 0.000375 seconds.
  path: Assets/Sprites/guy.png
  artifactKey: Guid(c03b98a131996b0469e44e7080e451a0) Importer(815301076,1909f56bfc062723c751e8b465ee728b)
Start importing Assets/Sprites/guy.png using Guid(c03b98a131996b0469e44e7080e451a0) Importer(815301076,1909f56bfc062723c751e8b465ee728b)  -> (artifact id: 'e0d04c04ee425b778b6a6e44c61bbeaa') in 0.210752 seconds
  Import took 0.222079 seconds .

========================================================================
Received Import Request.
  Time since last request: 0.000349 seconds.
  path: Assets/Sprites/platform rule.asset
  artifactKey: Guid(c8bce768fa344b146b0a81ca5dc57d9c) Importer(815301076,1909f56bfc062723c751e8b465ee728b)
Start importing Assets/Sprites/platform rule.asset using Guid(c8bce768fa344b146b0a81ca5dc57d9c) Importer(815301076,1909f56bfc062723c751e8b465ee728b)  -> (artifact id: 'c4862b3ae2f4787d6100a9331b50a0da') in 0.129829 seconds
  Import took 0.142114 seconds .

========================================================================
Received Import Request.
  Time since last request: 0.000391 seconds.
  path: Assets/Sprites/coin.prefab
  artifactKey: Guid(1146746a684eb634aa1fd27d889f8f86) Importer(815301076,1909f56bfc062723c751e8b465ee728b)
Start importing Assets/Sprites/coin.prefab using Guid(1146746a684eb634aa1fd27d889f8f86) Importer(815301076,1909f56bfc062723c751e8b465ee728b)  -> (artifact id: '6527e4a55d387b3cc954763b22f34cd0') in 0.087337 seconds
  Import took 0.099340 seconds .

========================================================================
Received Import Request.
  Time since last request: 0.000367 seconds.
  path: Assets/Sprites/Square.png
  artifactKey: Guid(3382b2b599d09c247a46c2a8e2232f66) Importer(815301076,1909f56bfc062723c751e8b465ee728b)
Start importing Assets/Sprites/Square.png using Guid(3382b2b599d09c247a46c2a8e2232f66) Importer(815301076,1909f56bfc062723c751e8b465ee728b)  -> (artifact id: 'c836e46268f33d9652fd57798cb3c589') in 0.033457 seconds
  Import took 0.045580 seconds .

========================================================================
Received Import Request.
  Time since last request: 0.000350 seconds.
  path: Assets/Sprites/GrassPlatform_TileSet.psd
  artifactKey: Guid(ade3e622a1e740a4f85ab1ae709c8d69) Importer(815301076,1909f56bfc062723c751e8b465ee728b)
Start importing Assets/Sprites/GrassPlatform_TileSet.psd using Guid(ade3e622a1e740a4f85ab1ae709c8d69) Importer(815301076,1909f56bfc062723c751e8b465ee728b)  -> (artifact id: '91c7fcec1a5501d3727574fb5bd5d69e') in 0.147998 seconds
  Import took 0.160622 seconds .

========================================================================
Received Import Request.
  Time since last request: 0.000396 seconds.
  path: Assets/Sprites/coin.png
  artifactKey: Guid(5efe12b6a5a684047aad7d4c7b753b25) Importer(815301076,1909f56bfc062723c751e8b465ee728b)
Start importing Assets/Sprites/coin.png using Guid(5efe12b6a5a684047aad7d4c7b753b25) Importer(815301076,1909f56bfc062723c751e8b465ee728b)  -> (artifact id: '5d2218afe89153aa44bcecd340bbf37b') in 0.025024 seconds
  Import took 0.037291 seconds .

========================================================================
Received Prepare
Registering precompiled user dll's ...
Registered in 0.003146 seconds.
Begin MonoManager ReloadAssembly
Native extension for WindowsStandalone target not found
Refreshing native plugins compatible for Editor in 2.81 ms, found 1 plugins.
Preloading 0 native plugins for Editor in 0.00 ms.
Invoked RoslynAnalysisRunner static constructor.
RoslynAnalysisRunner will not be running.
RoslynAnalysisRunner has terminated.
Mono: successfully reloaded assembly
- Completed reload, in  4.332 seconds
Platform modules already initialized, skipping
Shader 'Universal Render Pipeline/Particles/Lit': fallback shader 'Universal Render Pipeline/Particles/SimpleLit' not found
Refreshing native plugins compatible for Editor in 1.99 ms, found 1 plugins.
Preloading 0 native plugins for Editor in 0.00 ms.
Unloading 3509 Unused Serialized files (Serialized files now loaded: 0)
System memory in use before: 152.5 MB.
System memory in use after: 152.8 MB.

Unloading 9 unused Assets to reduce memory usage. Loaded Objects now: 4177.
Total: 6.089400 ms (FindLiveObjects: 0.668000 ms CreateObjectMapping: 0.421100 ms MarkObjects: 4.946900 ms  DeleteObjects: 0.051300 ms)

========================================================================
Received Prepare
Registering precompiled user dll's ...
Registered in 0.003181 seconds.
Begin MonoManager ReloadAssembly
Native extension for WindowsStandalone target not found
Refreshing native plugins compatible for Editor in 1.11 ms, found 1 plugins.
Preloading 0 native plugins for Editor in 0.00 ms.
Invoked RoslynAnalysisRunner static constructor.
RoslynAnalysisRunner will not be running.
RoslynAnalysisRunner has terminated.
Mono: successfully reloaded assembly
- Completed reload, in  2.532 seconds
Platform modules already initialized, skipping
Shader 'Universal Render Pipeline/Particles/Lit': fallback shader 'Universal Render Pipeline/Particles/SimpleLit' not found
Refreshing native plugins compatible for Editor in 1.14 ms, found 1 plugins.
Preloading 0 native plugins for Editor in 0.00 ms.
Unloading 3509 Unused Serialized files (Serialized files now loaded: 0)
System memory in use before: 152.7 MB.
System memory in use after: 153.0 MB.

Unloading 9 unused Assets to reduce memory usage. Loaded Objects now: 4180.
Total: 5.798000 ms (FindLiveObjects: 0.655700 ms CreateObjectMapping: 0.441500 ms MarkObjects: 4.645000 ms  DeleteObjects: 0.053300 ms)

========================================================================
Received Import Request.
  Time since last request: 783.596700 seconds.
  path: Assets/Scenes/Scripts
  artifactKey: Guid(02a3527b6b33a924e8ec66aa805ea717) Importer(815301076,1909f56bfc062723c751e8b465ee728b)
Start importing Assets/Scenes/Scripts using Guid(02a3527b6b33a924e8ec66aa805ea717) Importer(815301076,1909f56bfc062723c751e8b465ee728b)  -> (artifact id: '239b36f85d173c3d5aba1638cbc77a8b') in 0.027707 seconds
  Import took 0.040563 seconds .

========================================================================
Received Prepare
Registering precompiled user dll's ...
Registered in 0.004801 seconds.
Begin MonoManager ReloadAssembly
Native extension for WindowsStandalone target not found
Refreshing native plugins compatible for Editor in 1.56 ms, found 1 plugins.
Preloading 0 native plugins for Editor in 0.00 ms.
Invoked RoslynAnalysisRunner static constructor.
RoslynAnalysisRunner will not be running.
RoslynAnalysisRunner has terminated.
Mono: successfully reloaded assembly
- Completed reload, in  3.604 seconds
Platform modules already initialized, skipping
Shader 'Universal Render Pipeline/Particles/Lit': fallback shader 'Universal Render Pipeline/Particles/SimpleLit' not found
Refreshing native plugins compatible for Editor in 2.00 ms, found 1 plugins.
Preloading 0 native plugins for Editor in 0.00 ms.
Unloading 3510 Unused Serialized files (Serialized files now loaded: 0)
System memory in use before: 152.8 MB.
System memory in use after: 153.0 MB.

Unloading 9 unused Assets to reduce memory usage. Loaded Objects now: 4184.
Total: 7.838200 ms (FindLiveObjects: 0.864000 ms CreateObjectMapping: 0.486800 ms MarkObjects: 6.415200 ms  DeleteObjects: 0.069300 ms)

========================================================================
Received Import Request.
  Time since last request: 15.523875 seconds.
  path: Assets/Scenes/Scripts/Player.cs
  artifactKey: Guid(0ed438ce85e84a64ca44a3ea515f7012) Importer(815301076,1909f56bfc062723c751e8b465ee728b)
Start importing Assets/Scenes/Scripts/Player.cs using Guid(0ed438ce85e84a64ca44a3ea515f7012) Importer(815301076,1909f56bfc062723c751e8b465ee728b)  -> (artifact id: '00000000000000000000000000000000') in 0.025446 seconds
  ERROR: Build asset version error: assets/scenes/scripts/player.cs in SourceAssetDB has modification time of '2021-02-02T06:25:05.9339051Z' while content on disk has modification time of '2021-02-02T06:25:15.9677322Z'
  Import took 0.038885 seconds .

========================================================================
Received Prepare
Registering precompiled user dll's ...
Registered in 0.003258 seconds.
Begin MonoManager ReloadAssembly
Native extension for WindowsStandalone target not found
Refreshing native plugins compatible for Editor in 1.26 ms, found 1 plugins.
Preloading 0 native plugins for Editor in 0.00 ms.
Invoked RoslynAnalysisRunner static constructor.
RoslynAnalysisRunner will not be running.
RoslynAnalysisRunner has terminated.
Mono: successfully reloaded assembly
- Completed reload, in  2.804 seconds
Platform modules already initialized, skipping
Shader 'Universal Render Pipeline/Particles/Lit': fallback shader 'Universal Render Pipeline/Particles/SimpleLit' not found
Refreshing native plugins compatible for Editor in 1.58 ms, found 1 plugins.
Preloading 0 native plugins for Editor in 0.00 ms.
Unloading 3510 Unused Serialized files (Serialized files now loaded: 0)
System memory in use before: 152.5 MB.
System memory in use after: 152.7 MB.

Unloading 9 unused Assets to reduce memory usage. Loaded Objects now: 4187.
Total: 7.165500 ms (FindLiveObjects: 0.682200 ms CreateObjectMapping: 0.495400 ms MarkObjects: 5.913300 ms  DeleteObjects: 0.071400 ms)

========================================================================
Received Import Request.
  Time since last request: 9.030752 seconds.
  path: Assets/Scenes/Scripts/Player.cs
  artifactKey: Guid(0ed438ce85e84a64ca44a3ea515f7012) Importer(815301076,1909f56bfc062723c751e8b465ee728b)
Start importing Assets/Scenes/Scripts/Player.cs using Guid(0ed438ce85e84a64ca44a3ea515f7012) Importer(815301076,1909f56bfc062723c751e8b465ee728b)  -> (artifact id: '00000000000000000000000000000000') in 0.002651 seconds
  ERROR: Build asset version error: assets/scenes/scripts/player.cs in SourceAssetDB has modification time of '2021-02-02T06:25:05.9339051Z' while content on disk has modification time of '2021-02-02T06:25:19.9832222Z'
  Import took 0.020110 seconds .

========================================================================
Received Import Request.
  Time since last request: 0.118117 seconds.
  path: Assets/Scenes/Scripts/Player.cs
  artifactKey: Guid(0ed438ce85e84a64ca44a3ea515f7012) Importer(815301076,1909f56bfc062723c751e8b465ee728b)
Start importing Assets/Scenes/Scripts/Player.cs using Guid(0ed438ce85e84a64ca44a3ea515f7012) Importer(815301076,1909f56bfc062723c751e8b465ee728b)  -> (artifact id: '00000000000000000000000000000000') in 0.000479 seconds
  ERROR: Build asset version error: assets/scenes/scripts/player.cs in SourceAssetDB has modification time of '2021-02-02T06:25:05.9339051Z' while content on disk has modification time of '2021-02-02T06:25:19.9832222Z'
  Import took 0.013934 seconds .

========================================================================
Received Import Request.
  Time since last request: 0.082148 seconds.
  path: Assets/Scenes/Scripts/Player.cs
  artifactKey: Guid(0ed438ce85e84a64ca44a3ea515f7012) Importer(815301076,1909f56bfc062723c751e8b465ee728b)
Start importing Assets/Scenes/Scripts/Player.cs using Guid(0ed438ce85e84a64ca44a3ea515f7012) Importer(815301076,1909f56bfc062723c751e8b465ee728b)  -> (artifact id: '00000000000000000000000000000000') in 0.000648 seconds
  ERROR: Build asset version error: assets/scenes/scripts/player.cs in SourceAssetDB has modification time of '2021-02-02T06:25:05.9339051Z' while content on disk has modification time of '2021-02-02T06:25:19.9832222Z'
  Import took 0.017295 seconds .

========================================================================
Received Import Request.
  Time since last request: 0.082738 seconds.
  path: Assets/Scenes/Scripts/Player.cs
  artifactKey: Guid(0ed438ce85e84a64ca44a3ea515f7012) Importer(815301076,1909f56bfc062723c751e8b465ee728b)
Start importing Assets/Scenes/Scripts/Player.cs using Guid(0ed438ce85e84a64ca44a3ea515f7012) Importer(815301076,1909f56bfc062723c751e8b465ee728b)  -> (artifact id: '00000000000000000000000000000000') in 0.000718 seconds
  ERROR: Build asset version error: assets/scenes/scripts/player.cs in SourceAssetDB has modification time of '2021-02-02T06:25:05.9339051Z' while content on disk has modification time of '2021-02-02T06:25:19.9832222Z'
  Import took 0.017565 seconds .

========================================================================
Received Import Request.
  Time since last request: 0.086770 seconds.
  path: Assets/Scenes/Scripts/Player.cs
  artifactKey: Guid(0ed438ce85e84a64ca44a3ea515f7012) Importer(815301076,1909f56bfc062723c751e8b465ee728b)
Start importing Assets/Scenes/Scripts/Player.cs using Guid(0ed438ce85e84a64ca44a3ea515f7012) Importer(815301076,1909f56bfc062723c751e8b465ee728b)  -> (artifact id: '00000000000000000000000000000000') in 0.000485 seconds
  ERROR: Build asset version error: assets/scenes/scripts/player.cs in SourceAssetDB has modification time of '2021-02-02T06:25:05.9339051Z' while content on disk has modification time of '2021-02-02T06:25:19.9832222Z'
  Import took 0.015302 seconds .

========================================================================
Received Import Request.
  Time since last request: 0.084824 seconds.
  path: Assets/Scenes/Scripts/Player.cs
  artifactKey: Guid(0ed438ce85e84a64ca44a3ea515f7012) Importer(815301076,1909f56bfc062723c751e8b465ee728b)
Start importing Assets/Scenes/Scripts/Player.cs using Guid(0ed438ce85e84a64ca44a3ea515f7012) Importer(815301076,1909f56bfc062723c751e8b465ee728b)  -> (artifact id: '00000000000000000000000000000000') in 0.000649 seconds
  ERROR: Build asset version error: assets/scenes/scripts/player.cs in SourceAssetDB has modification time of '2021-02-02T06:25:05.9339051Z' while content on disk has modification time of '2021-02-02T06:25:19.9832222Z'
  Import took 0.017598 seconds .

========================================================================
Received Import Request.
  Time since last request: 0.097820 seconds.
  path: Assets/Scenes/Scripts/Player.cs
  artifactKey: Guid(0ed438ce85e84a64ca44a3ea515f7012) Importer(815301076,1909f56bfc062723c751e8b465ee728b)
Start importing Assets/Scenes/Scripts/Player.cs using Guid(0ed438ce85e84a64ca44a3ea515f7012) Importer(815301076,1909f56bfc062723c751e8b465ee728b)  -> (artifact id: '00000000000000000000000000000000') in 0.000671 seconds
  ERROR: Build asset version error: assets/scenes/scripts/player.cs in SourceAssetDB has modification time of '2021-02-02T06:25:05.9339051Z' while content on disk has modification time of '2021-02-02T06:25:19.9832222Z'
  Import took 0.020919 seconds .

========================================================================
Received Import Request.
  Time since last request: 0.084733 seconds.
  path: Assets/Scenes/Scripts/Player.cs
  artifactKey: Guid(0ed438ce85e84a64ca44a3ea515f7012) Importer(815301076,1909f56bfc062723c751e8b465ee728b)
Start importing Assets/Scenes/Scripts/Player.cs using Guid(0ed438ce85e84a64ca44a3ea515f7012) Importer(815301076,1909f56bfc062723c751e8b465ee728b)  -> (artifact id: '00000000000000000000000000000000') in 0.000868 seconds
  ERROR: Build asset version error: assets/scenes/scripts/player.cs in SourceAssetDB has modification time of '2021-02-02T06:25:05.9339051Z' while content on disk has modification time of '2021-02-02T06:25:19.9832222Z'
  Import took 0.023171 seconds .

========================================================================
Received Import Request.
  Time since last request: 0.090227 seconds.
  path: Assets/Scenes/Scripts/Player.cs
  artifactKey: Guid(0ed438ce85e84a64ca44a3ea515f7012) Importer(815301076,1909f56bfc062723c751e8b465ee728b)
Start importing Assets/Scenes/Scripts/Player.cs using Guid(0ed438ce85e84a64ca44a3ea515f7012) Importer(815301076,1909f56bfc062723c751e8b465ee728b)  -> (artifact id: '00000000000000000000000000000000') in 0.000644 seconds
  ERROR: Build asset version error: assets/scenes/scripts/player.cs in SourceAssetDB has modification time of '2021-02-02T06:25:05.9339051Z' while content on disk has modification time of '2021-02-02T06:25:19.9832222Z'
  Import took 0.021868 seconds .

========================================================================
Received Import Request.
  Time since last request: 0.091903 seconds.
  path: Assets/Scenes/Scripts/Player.cs
  artifactKey: Guid(0ed438ce85e84a64ca44a3ea515f7012) Importer(815301076,1909f56bfc062723c751e8b465ee728b)
Start importing Assets/Scenes/Scripts/Player.cs using Guid(0ed438ce85e84a64ca44a3ea515f7012) Importer(815301076,1909f56bfc062723c751e8b465ee728b)  -> (artifact id: '00000000000000000000000000000000') in 0.000637 seconds
  ERROR: Build asset version error: assets/scenes/scripts/player.cs in SourceAssetDB has modification time of '2021-02-02T06:25:05.9339051Z' while content on disk has modification time of '2021-02-02T06:25:19.9832222Z'
  Import took 0.019390 seconds .

========================================================================
Received Import Request.
  Time since last request: 0.095953 seconds.
  path: Assets/Scenes/Scripts/Player.cs
  artifactKey: Guid(0ed438ce85e84a64ca44a3ea515f7012) Importer(815301076,1909f56bfc062723c751e8b465ee728b)
Start importing Assets/Scenes/Scripts/Player.cs using Guid(0ed438ce85e84a64ca44a3ea515f7012) Importer(815301076,1909f56bfc062723c751e8b465ee728b)  -> (artifact id: '00000000000000000000000000000000') in 0.000749 seconds
  ERROR: Build asset version error: assets/scenes/scripts/player.cs in SourceAssetDB has modification time of '2021-02-02T06:25:05.9339051Z' while content on disk has modification time of '2021-02-02T06:25:19.9832222Z'
  Import took 0.027131 seconds .

========================================================================
Received Import Request.
  Time since last request: 0.084376 seconds.
  path: Assets/Scenes/Scripts/Player.cs
  artifactKey: Guid(0ed438ce85e84a64ca44a3ea515f7012) Importer(815301076,1909f56bfc062723c751e8b465ee728b)
Start importing Assets/Scenes/Scripts/Player.cs using Guid(0ed438ce85e84a64ca44a3ea515f7012) Importer(815301076,1909f56bfc062723c751e8b465ee728b)  -> (artifact id: '00000000000000000000000000000000') in 0.000558 seconds
  ERROR: Build asset version error: assets/scenes/scripts/player.cs in SourceAssetDB has modification time of '2021-02-02T06:25:05.9339051Z' while content on disk has modification time of '2021-02-02T06:25:19.9832222Z'
  Import took 0.015294 seconds .

========================================================================
Received Import Request.
  Time since last request: 0.084376 seconds.
  path: Assets/Scenes/Scripts/Player.cs
  artifactKey: Guid(0ed438ce85e84a64ca44a3ea515f7012) Importer(815301076,1909f56bfc062723c751e8b465ee728b)
Start importing Assets/Scenes/Scripts/Player.cs using Guid(0ed438ce85e84a64ca44a3ea515f7012) Importer(815301076,1909f56bfc062723c751e8b465ee728b)  -> (artifact id: '00000000000000000000000000000000') in 0.000657 seconds
  ERROR: Build asset version error: assets/scenes/scripts/player.cs in SourceAssetDB has modification time of '2021-02-02T06:25:05.9339051Z' while content on disk has modification time of '2021-02-02T06:25:19.9832222Z'
  Import took 0.015825 seconds .

========================================================================
Received Import Request.
  Time since last request: 0.094223 seconds.
  path: Assets/Scenes/Scripts/Player.cs
  artifactKey: Guid(0ed438ce85e84a64ca44a3ea515f7012) Importer(815301076,1909f56bfc062723c751e8b465ee728b)
Start importing Assets/Scenes/Scripts/Player.cs using Guid(0ed438ce85e84a64ca44a3ea515f7012) Importer(815301076,1909f56bfc062723c751e8b465ee728b)  -> (artifact id: '00000000000000000000000000000000') in 0.000506 seconds
  ERROR: Build asset version error: assets/scenes/scripts/player.cs in SourceAssetDB has modification time of '2021-02-02T06:25:05.9339051Z' while content on disk has modification time of '2021-02-02T06:25:19.9832222Z'
  Import took 0.019609 seconds .

========================================================================
Received Import Request.
  Time since last request: 0.078884 seconds.
  path: Assets/Scenes/Scripts/Player.cs
  artifactKey: Guid(0ed438ce85e84a64ca44a3ea515f7012) Importer(815301076,1909f56bfc062723c751e8b465ee728b)
Start importing Assets/Scenes/Scripts/Player.cs using Guid(0ed438ce85e84a64ca44a3ea515f7012) Importer(815301076,1909f56bfc062723c751e8b465ee728b)  -> (artifact id: '00000000000000000000000000000000') in 0.000670 seconds
  ERROR: Build asset version error: assets/scenes/scripts/player.cs in SourceAssetDB has modification time of '2021-02-02T06:25:05.9339051Z' while content on disk has modification time of '2021-02-02T06:25:19.9832222Z'
  Import took 0.016886 seconds .

========================================================================
Received Import Request.
  Time since last request: 0.089159 seconds.
  path: Assets/Scenes/Scripts/Player.cs
  artifactKey: Guid(0ed438ce85e84a64ca44a3ea515f7012) Importer(815301076,1909f56bfc062723c751e8b465ee728b)
Start importing Assets/Scenes/Scripts/Player.cs using Guid(0ed438ce85e84a64ca44a3ea515f7012) Importer(815301076,1909f56bfc062723c751e8b465ee728b)  -> (artifact id: '00000000000000000000000000000000') in 0.000865 seconds
  ERROR: Build asset version error: assets/scenes/scripts/player.cs in SourceAssetDB has modification time of '2021-02-02T06:25:05.9339051Z' while content on disk has modification time of '2021-02-02T06:25:19.9832222Z'
  Import took 0.017893 seconds .

========================================================================
Received Import Request.
  Time since last request: 0.100133 seconds.
  path: Assets/Scenes/Scripts/Player.cs
  artifactKey: Guid(0ed438ce85e84a64ca44a3ea515f7012) Importer(815301076,1909f56bfc062723c751e8b465ee728b)
Start importing Assets/Scenes/Scripts/Player.cs using Guid(0ed438ce85e84a64ca44a3ea515f7012) Importer(815301076,1909f56bfc062723c751e8b465ee728b)  -> (artifact id: '00000000000000000000000000000000') in 0.000653 seconds
  ERROR: Build asset version error: assets/scenes/scripts/player.cs in SourceAssetDB has modification time of '2021-02-02T06:25:05.9339051Z' while content on disk has modification time of '2021-02-02T06:25:19.9832222Z'
  Import took 0.020005 seconds .

========================================================================
Received Import Request.
  Time since last request: 0.080861 seconds.
  path: Assets/Scenes/Scripts/Player.cs
  artifactKey: Guid(0ed438ce85e84a64ca44a3ea515f7012) Importer(815301076,1909f56bfc062723c751e8b465ee728b)
Start importing Assets/Scenes/Scripts/Player.cs using Guid(0ed438ce85e84a64ca44a3ea515f7012) Importer(815301076,1909f56bfc062723c751e8b465ee728b)  -> (artifact id: '00000000000000000000000000000000') in 0.000573 seconds
  ERROR: Build asset version error: assets/scenes/scripts/player.cs in SourceAssetDB has modification time of '2021-02-02T06:25:05.9339051Z' while content on disk has modification time of '2021-02-02T06:25:19.9832222Z'
  Import took 0.015414 seconds .

========================================================================
Received Import Request.
  Time since last request: 0.097225 seconds.
  path: Assets/Scenes/Scripts/Player.cs
  artifactKey: Guid(0ed438ce85e84a64ca44a3ea515f7012) Importer(815301076,1909f56bfc062723c751e8b465ee728b)
Start importing Assets/Scenes/Scripts/Player.cs using Guid(0ed438ce85e84a64ca44a3ea515f7012) Importer(815301076,1909f56bfc062723c751e8b465ee728b)  -> (artifact id: '00000000000000000000000000000000') in 0.000679 seconds
  ERROR: Build asset version error: assets/scenes/scripts/player.cs in SourceAssetDB has modification time of '2021-02-02T06:25:05.9339051Z' while content on disk has modification time of '2021-02-02T06:25:19.9832222Z'
  Import took 0.027532 seconds .

========================================================================
Received Import Request.
  Time since last request: 0.070222 seconds.
  path: Assets/Scenes/Scripts/Player.cs
  artifactKey: Guid(0ed438ce85e84a64ca44a3ea515f7012) Importer(815301076,1909f56bfc062723c751e8b465ee728b)
Start importing Assets/Scenes/Scripts/Player.cs using Guid(0ed438ce85e84a64ca44a3ea515f7012) Importer(815301076,1909f56bfc062723c751e8b465ee728b)  -> (artifact id: '00000000000000000000000000000000') in 0.000786 seconds
  ERROR: Build asset version error: assets/scenes/scripts/player.cs in SourceAssetDB has modification time of '2021-02-02T06:25:05.9339051Z' while content on disk has modification time of '2021-02-02T06:25:19.9832222Z'
  Import took 0.016102 seconds .

========================================================================
Received Import Request.
  Time since last request: 0.078887 seconds.
  path: Assets/Scenes/Scripts/Player.cs
  artifactKey: Guid(0ed438ce85e84a64ca44a3ea515f7012) Importer(815301076,1909f56bfc062723c751e8b465ee728b)
Start importing Assets/Scenes/Scripts/Player.cs using Guid(0ed438ce85e84a64ca44a3ea515f7012) Importer(815301076,1909f56bfc062723c751e8b465ee728b)  -> (artifact id: '00000000000000000000000000000000') in 0.000600 seconds
  ERROR: Build asset version error: assets/scenes/scripts/player.cs in SourceAssetDB has modification time of '2021-02-02T06:25:05.9339051Z' while content on disk has modification time of '2021-02-02T06:25:19.9832222Z'
  Import took 0.017626 seconds .

========================================================================
Received Import Request.
  Time since last request: 0.082848 seconds.
  path: Assets/Scenes/Scripts/Player.cs
  artifactKey: Guid(0ed438ce85e84a64ca44a3ea515f7012) Importer(815301076,1909f56bfc062723c751e8b465ee728b)
Start importing Assets/Scenes/Scripts/Player.cs using Guid(0ed438ce85e84a64ca44a3ea515f7012) Importer(815301076,1909f56bfc062723c751e8b465ee728b)  -> (artifact id: '00000000000000000000000000000000') in 0.000489 seconds
  ERROR: Build asset version error: assets/scenes/scripts/player.cs in SourceAssetDB has modification time of '2021-02-02T06:25:05.9339051Z' while content on disk has modification time of '2021-02-02T06:25:19.9832222Z'
  Import took 0.016539 seconds .

========================================================================
Received Import Request.
  Time since last request: 0.086908 seconds.
  path: Assets/Scenes/Scripts/Player.cs
  artifactKey: Guid(0ed438ce85e84a64ca44a3ea515f7012) Importer(815301076,1909f56bfc062723c751e8b465ee728b)
Start importing Assets/Scenes/Scripts/Player.cs using Guid(0ed438ce85e84a64ca44a3ea515f7012) Importer(815301076,1909f56bfc062723c751e8b465ee728b)  -> (artifact id: '00000000000000000000000000000000') in 0.000526 seconds
  ERROR: Build asset version error: assets/scenes/scripts/player.cs in SourceAssetDB has modification time of '2021-02-02T06:25:05.9339051Z' while content on disk has modification time of '2021-02-02T06:25:19.9832222Z'
  Import took 0.013535 seconds .

========================================================================
Received Import Request.
  Time since last request: 0.083853 seconds.
  path: Assets/Scenes/Scripts/Player.cs
  artifactKey: Guid(0ed438ce85e84a64ca44a3ea515f7012) Importer(815301076,1909f56bfc062723c751e8b465ee728b)
Start importing Assets/Scenes/Scripts/Player.cs using Guid(0ed438ce85e84a64ca44a3ea515f7012) Importer(815301076,1909f56bfc062723c751e8b465ee728b)  -> (artifact id: '00000000000000000000000000000000') in 0.000462 seconds
  ERROR: Build asset version error: assets/scenes/scripts/player.cs in SourceAssetDB has modification time of '2021-02-02T06:25:05.9339051Z' while content on disk has modification time of '2021-02-02T06:25:19.9832222Z'
  Import took 0.014368 seconds .

========================================================================
Received Import Request.
  Time since last request: 0.087326 seconds.
  path: Assets/Scenes/Scripts/Player.cs
  artifactKey: Guid(0ed438ce85e84a64ca44a3ea515f7012) Importer(815301076,1909f56bfc062723c751e8b465ee728b)
Start importing Assets/Scenes/Scripts/Player.cs using Guid(0ed438ce85e84a64ca44a3ea515f7012) Importer(815301076,1909f56bfc062723c751e8b465ee728b)  -> (artifact id: '00000000000000000000000000000000') in 0.000471 seconds
  ERROR: Build asset version error: assets/scenes/scripts/player.cs in SourceAssetDB has modification time of '2021-02-02T06:25:05.9339051Z' while content on disk has modification time of '2021-02-02T06:25:19.9832222Z'
  Import took 0.012274 seconds .

========================================================================
Received Import Request.
  Time since last request: 0.087765 seconds.
  path: Assets/Scenes/Scripts/Player.cs
  artifactKey: Guid(0ed438ce85e84a64ca44a3ea515f7012) Importer(815301076,1909f56bfc062723c751e8b465ee728b)
Start importing Assets/Scenes/Scripts/Player.cs using Guid(0ed438ce85e84a64ca44a3ea515f7012) Importer(815301076,1909f56bfc062723c751e8b465ee728b)  -> (artifact id: '00000000000000000000000000000000') in 0.000736 seconds
  ERROR: Build asset version error: assets/scenes/scripts/player.cs in SourceAssetDB has modification time of '2021-02-02T06:25:05.9339051Z' while content on disk has modification time of '2021-02-02T06:25:19.9832222Z'
  Import took 0.015948 seconds .

========================================================================
Received Import Request.
  Time since last request: 0.080223 seconds.
  path: Assets/Scenes/Scripts/Player.cs
  artifactKey: Guid(0ed438ce85e84a64ca44a3ea515f7012) Importer(815301076,1909f56bfc062723c751e8b465ee728b)
Start importing Assets/Scenes/Scripts/Player.cs using Guid(0ed438ce85e84a64ca44a3ea515f7012) Importer(815301076,1909f56bfc062723c751e8b465ee728b)  -> (artifact id: '00000000000000000000000000000000') in 0.000450 seconds
  ERROR: Build asset version error: assets/scenes/scripts/player.cs in SourceAssetDB has modification time of '2021-02-02T06:25:05.9339051Z' while content on disk has modification time of '2021-02-02T06:25:19.9832222Z'
  Import took 0.014314 seconds .

========================================================================
Received Import Request.
  Time since last request: 0.094994 seconds.
  path: Assets/Scenes/Scripts/Player.cs
  artifactKey: Guid(0ed438ce85e84a64ca44a3ea515f7012) Importer(815301076,1909f56bfc062723c751e8b465ee728b)
Start importing Assets/Scenes/Scripts/Player.cs using Guid(0ed438ce85e84a64ca44a3ea515f7012) Importer(815301076,1909f56bfc062723c751e8b465ee728b)  -> (artifact id: '00000000000000000000000000000000') in 0.000662 seconds
  ERROR: Build asset version error: assets/scenes/scripts/player.cs in SourceAssetDB has modification time of '2021-02-02T06:25:05.9339051Z' while content on disk has modification time of '2021-02-02T06:25:19.9832222Z'
  Import took 0.019274 seconds .

========================================================================
Received Import Request.
  Time since last request: 0.082576 seconds.
  path: Assets/Scenes/Scripts/Player.cs
  artifactKey: Guid(0ed438ce85e84a64ca44a3ea515f7012) Importer(815301076,1909f56bfc062723c751e8b465ee728b)
Start importing Assets/Scenes/Scripts/Player.cs using Guid(0ed438ce85e84a64ca44a3ea515f7012) Importer(815301076,1909f56bfc062723c751e8b465ee728b)  -> (artifact id: '00000000000000000000000000000000') in 0.000483 seconds
  ERROR: Build asset version error: assets/scenes/scripts/player.cs in SourceAssetDB has modification time of '2021-02-02T06:25:05.9339051Z' while content on disk has modification time of '2021-02-02T06:25:19.9832222Z'
  Import took 0.012695 seconds .

========================================================================
Received Import Request.
  Time since last request: 0.083444 seconds.
  path: Assets/Scenes/Scripts/Player.cs
  artifactKey: Guid(0ed438ce85e84a64ca44a3ea515f7012) Importer(815301076,1909f56bfc062723c751e8b465ee728b)
Start importing Assets/Scenes/Scripts/Player.cs using Guid(0ed438ce85e84a64ca44a3ea515f7012) Importer(815301076,1909f56bfc062723c751e8b465ee728b)  -> (artifact id: '00000000000000000000000000000000') in 0.000472 seconds
  ERROR: Build asset version error: assets/scenes/scripts/player.cs in SourceAssetDB has modification time of '2021-02-02T06:25:05.9339051Z' while content on disk has modification time of '2021-02-02T06:25:19.9832222Z'
  Import took 0.013240 seconds .

========================================================================
Received Import Request.
  Time since last request: 0.101787 seconds.
  path: Assets/Scenes/Scripts/Player.cs
  artifactKey: Guid(0ed438ce85e84a64ca44a3ea515f7012) Importer(815301076,1909f56bfc062723c751e8b465ee728b)
Start importing Assets/Scenes/Scripts/Player.cs using Guid(0ed438ce85e84a64ca44a3ea515f7012) Importer(815301076,1909f56bfc062723c751e8b465ee728b)  -> (artifact id: '00000000000000000000000000000000') in 0.000529 seconds
  ERROR: Build asset version error: assets/scenes/scripts/player.cs in SourceAssetDB has modification time of '2021-02-02T06:25:05.9339051Z' while content on disk has modification time of '2021-02-02T06:25:28.2181728Z'
  Import took 0.013358 seconds .

========================================================================
Received Import Request.
  Time since last request: 0.087574 seconds.
  path: Assets/Scenes/Scripts/Player.cs
  artifactKey: Guid(0ed438ce85e84a64ca44a3ea515f7012) Importer(815301076,1909f56bfc062723c751e8b465ee728b)
Start importing Assets/Scenes/Scripts/Player.cs using Guid(0ed438ce85e84a64ca44a3ea515f7012) Importer(815301076,1909f56bfc062723c751e8b465ee728b)  -> (artifact id: '00000000000000000000000000000000') in 0.000519 seconds
  ERROR: Build asset version error: assets/scenes/scripts/player.cs in SourceAssetDB has modification time of '2021-02-02T06:25:05.9339051Z' while content on disk has modification time of '2021-02-02T06:25:28.2181728Z'
  Import took 0.014198 seconds .

========================================================================
Received Import Request.
  Time since last request: 0.083018 seconds.
  path: Assets/Scenes/Scripts/Player.cs
  artifactKey: Guid(0ed438ce85e84a64ca44a3ea515f7012) Importer(815301076,1909f56bfc062723c751e8b465ee728b)
Start importing Assets/Scenes/Scripts/Player.cs using Guid(0ed438ce85e84a64ca44a3ea515f7012) Importer(815301076,1909f56bfc062723c751e8b465ee728b)  -> (artifact id: '00000000000000000000000000000000') in 0.000618 seconds
  ERROR: Build asset version error: assets/scenes/scripts/player.cs in SourceAssetDB has modification time of '2021-02-02T06:25:05.9339051Z' while content on disk has modification time of '2021-02-02T06:25:28.2181728Z'
  Import took 0.015642 seconds .

========================================================================
Received Import Request.
  Time since last request: 0.086149 seconds.
  path: Assets/Scenes/Scripts/Player.cs
  artifactKey: Guid(0ed438ce85e84a64ca44a3ea515f7012) Importer(815301076,1909f56bfc062723c751e8b465ee728b)
Start importing Assets/Scenes/Scripts/Player.cs using Guid(0ed438ce85e84a64ca44a3ea515f7012) Importer(815301076,1909f56bfc062723c751e8b465ee728b)  -> (artifact id: '00000000000000000000000000000000') in 0.000717 seconds
  ERROR: Build asset version error: assets/scenes/scripts/player.cs in SourceAssetDB has modification time of '2021-02-02T06:25:05.9339051Z' while content on disk has modification time of '2021-02-02T06:25:28.2181728Z'
  Import took 0.013715 seconds .

========================================================================
Received Import Request.
  Time since last request: 0.082519 seconds.
  path: Assets/Scenes/Scripts/Player.cs
  artifactKey: Guid(0ed438ce85e84a64ca44a3ea515f7012) Importer(815301076,1909f56bfc062723c751e8b465ee728b)
Start importing Assets/Scenes/Scripts/Player.cs using Guid(0ed438ce85e84a64ca44a3ea515f7012) Importer(815301076,1909f56bfc062723c751e8b465ee728b)  -> (artifact id: '00000000000000000000000000000000') in 0.000478 seconds
  ERROR: Build asset version error: assets/scenes/scripts/player.cs in SourceAssetDB has modification time of '2021-02-02T06:25:05.9339051Z' while content on disk has modification time of '2021-02-02T06:25:28.2181728Z'
  Import took 0.012409 seconds .

========================================================================
Received Import Request.
  Time since last request: 0.084344 seconds.
  path: Assets/Scenes/Scripts/Player.cs
  artifactKey: Guid(0ed438ce85e84a64ca44a3ea515f7012) Importer(815301076,1909f56bfc062723c751e8b465ee728b)
Start importing Assets/Scenes/Scripts/Player.cs using Guid(0ed438ce85e84a64ca44a3ea515f7012) Importer(815301076,1909f56bfc062723c751e8b465ee728b)  -> (artifact id: '00000000000000000000000000000000') in 0.000494 seconds
  ERROR: Build asset version error: assets/scenes/scripts/player.cs in SourceAssetDB has modification time of '2021-02-02T06:25:05.9339051Z' while content on disk has modification time of '2021-02-02T06:25:28.2181728Z'
  Import took 0.012948 seconds .

========================================================================
Received Import Request.
  Time since last request: 0.090512 seconds.
  path: Assets/Scenes/Scripts/Player.cs
  artifactKey: Guid(0ed438ce85e84a64ca44a3ea515f7012) Importer(815301076,1909f56bfc062723c751e8b465ee728b)
Start importing Assets/Scenes/Scripts/Player.cs using Guid(0ed438ce85e84a64ca44a3ea515f7012) Importer(815301076,1909f56bfc062723c751e8b465ee728b)  -> (artifact id: '00000000000000000000000000000000') in 0.000497 seconds
  ERROR: Build asset version error: assets/scenes/scripts/player.cs in SourceAssetDB has modification time of '2021-02-02T06:25:05.9339051Z' while content on disk has modification time of '2021-02-02T06:25:28.2181728Z'
  Import took 0.013015 seconds .

========================================================================
Received Import Request.
  Time since last request: 0.084448 seconds.
  path: Assets/Scenes/Scripts/Player.cs
  artifactKey: Guid(0ed438ce85e84a64ca44a3ea515f7012) Importer(815301076,1909f56bfc062723c751e8b465ee728b)
Start importing Assets/Scenes/Scripts/Player.cs using Guid(0ed438ce85e84a64ca44a3ea515f7012) Importer(815301076,1909f56bfc062723c751e8b465ee728b)  -> (artifact id: '00000000000000000000000000000000') in 0.000513 seconds
  ERROR: Build asset version error: assets/scenes/scripts/player.cs in SourceAssetDB has modification time of '2021-02-02T06:25:05.9339051Z' while content on disk has modification time of '2021-02-02T06:25:28.2181728Z'
  Import took 0.014183 seconds .

========================================================================
Received Import Request.
  Time since last request: 0.082737 seconds.
  path: Assets/Scenes/Scripts/Player.cs
  artifactKey: Guid(0ed438ce85e84a64ca44a3ea515f7012) Importer(815301076,1909f56bfc062723c751e8b465ee728b)
Start importing Assets/Scenes/Scripts/Player.cs using Guid(0ed438ce85e84a64ca44a3ea515f7012) Importer(815301076,1909f56bfc062723c751e8b465ee728b)  -> (artifact id: '00000000000000000000000000000000') in 0.000507 seconds
  ERROR: Build asset version error: assets/scenes/scripts/player.cs in SourceAssetDB has modification time of '2021-02-02T06:25:05.9339051Z' while content on disk has modification time of '2021-02-02T06:25:28.2181728Z'
  Import took 0.013576 seconds .

========================================================================
Received Import Request.
  Time since last request: 0.083256 seconds.
  path: Assets/Scenes/Scripts/Player.cs
  artifactKey: Guid(0ed438ce85e84a64ca44a3ea515f7012) Importer(815301076,1909f56bfc062723c751e8b465ee728b)
Start importing Assets/Scenes/Scripts/Player.cs using Guid(0ed438ce85e84a64ca44a3ea515f7012) Importer(815301076,1909f56bfc062723c751e8b465ee728b)  -> (artifact id: '00000000000000000000000000000000') in 0.000461 seconds
  ERROR: Build asset version error: assets/scenes/scripts/player.cs in SourceAssetDB has modification time of '2021-02-02T06:25:05.9339051Z' while content on disk has modification time of '2021-02-02T06:25:28.2181728Z'
  Import took 0.012983 seconds .

========================================================================
Received Import Request.
  Time since last request: 0.086767 seconds.
  path: Assets/Scenes/Scripts/Player.cs
  artifactKey: Guid(0ed438ce85e84a64ca44a3ea515f7012) Importer(815301076,1909f56bfc062723c751e8b465ee728b)
Start importing Assets/Scenes/Scripts/Player.cs using Guid(0ed438ce85e84a64ca44a3ea515f7012) Importer(815301076,1909f56bfc062723c751e8b465ee728b)  -> (artifact id: '00000000000000000000000000000000') in 0.000585 seconds
  ERROR: Build asset version error: assets/scenes/scripts/player.cs in SourceAssetDB has modification time of '2021-02-02T06:25:05.9339051Z' while content on disk has modification time of '2021-02-02T06:25:28.2181728Z'
  Import took 0.012774 seconds .

========================================================================
Received Import Request.
  Time since last request: 0.086916 seconds.
  path: Assets/Scenes/Scripts/Player.cs
  artifactKey: Guid(0ed438ce85e84a64ca44a3ea515f7012) Importer(815301076,1909f56bfc062723c751e8b465ee728b)
Start importing Assets/Scenes/Scripts/Player.cs using Guid(0ed438ce85e84a64ca44a3ea515f7012) Importer(815301076,1909f56bfc062723c751e8b465ee728b)  -> (artifact id: '00000000000000000000000000000000') in 0.000652 seconds
  ERROR: Build asset version error: assets/scenes/scripts/player.cs in SourceAssetDB has modification time of '2021-02-02T06:25:05.9339051Z' while content on disk has modification time of '2021-02-02T06:25:28.2181728Z'
  Import took 0.016414 seconds .

========================================================================
Received Import Request.
  Time since last request: 0.081070 seconds.
  path: Assets/Scenes/Scripts/Player.cs
  artifactKey: Guid(0ed438ce85e84a64ca44a3ea515f7012) Importer(815301076,1909f56bfc062723c751e8b465ee728b)
Start importing Assets/Scenes/Scripts/Player.cs using Guid(0ed438ce85e84a64ca44a3ea515f7012) Importer(815301076,1909f56bfc062723c751e8b465ee728b)  -> (artifact id: '00000000000000000000000000000000') in 0.000785 seconds
  ERROR: Build asset version error: assets/scenes/scripts/player.cs in SourceAssetDB has modification time of '2021-02-02T06:25:05.9339051Z' while content on disk has modification time of '2021-02-02T06:25:28.2181728Z'
  Import took 0.017988 seconds .

========================================================================
Received Import Request.
  Time since last request: 0.084397 seconds.
  path: Assets/Scenes/Scripts/Player.cs
  artifactKey: Guid(0ed438ce85e84a64ca44a3ea515f7012) Importer(815301076,1909f56bfc062723c751e8b465ee728b)
Start importing Assets/Scenes/Scripts/Player.cs using Guid(0ed438ce85e84a64ca44a3ea515f7012) Importer(815301076,1909f56bfc062723c751e8b465ee728b)  -> (artifact id: '00000000000000000000000000000000') in 0.000425 seconds
  ERROR: Build asset version error: assets/scenes/scripts/player.cs in SourceAssetDB has modification time of '2021-02-02T06:25:05.9339051Z' while content on disk has modification time of '2021-02-02T06:25:28.2181728Z'
  Import took 0.011746 seconds .

========================================================================
Received Import Request.
  Time since last request: 0.084677 seconds.
  path: Assets/Scenes/Scripts/Player.cs
  artifactKey: Guid(0ed438ce85e84a64ca44a3ea515f7012) Importer(815301076,1909f56bfc062723c751e8b465ee728b)
Start importing Assets/Scenes/Scripts/Player.cs using Guid(0ed438ce85e84a64ca44a3ea515f7012) Importer(815301076,1909f56bfc062723c751e8b465ee728b)  -> (artifact id: '00000000000000000000000000000000') in 0.000540 seconds
  ERROR: Build asset version error: assets/scenes/scripts/player.cs in SourceAssetDB has modification time of '2021-02-02T06:25:05.9339051Z' while content on disk has modification time of '2021-02-02T06:25:28.2181728Z'
  Import took 0.013487 seconds .

========================================================================
Received Import Request.
  Time since last request: 0.083069 seconds.
  path: Assets/Scenes/Scripts/Player.cs
  artifactKey: Guid(0ed438ce85e84a64ca44a3ea515f7012) Importer(815301076,1909f56bfc062723c751e8b465ee728b)
Start importing Assets/Scenes/Scripts/Player.cs using Guid(0ed438ce85e84a64ca44a3ea515f7012) Importer(815301076,1909f56bfc062723c751e8b465ee728b)  -> (artifact id: '00000000000000000000000000000000') in 0.000454 seconds
  ERROR: Build asset version error: assets/scenes/scripts/player.cs in SourceAssetDB has modification time of '2021-02-02T06:25:05.9339051Z' while content on disk has modification time of '2021-02-02T06:25:28.2181728Z'
  Import took 0.012154 seconds .

========================================================================
Received Import Request.
  Time since last request: 0.091219 seconds.
  path: Assets/Scenes/Scripts/Player.cs
  artifactKey: Guid(0ed438ce85e84a64ca44a3ea515f7012) Importer(815301076,1909f56bfc062723c751e8b465ee728b)
Start importing Assets/Scenes/Scripts/Player.cs using Guid(0ed438ce85e84a64ca44a3ea515f7012) Importer(815301076,1909f56bfc062723c751e8b465ee728b)  -> (artifact id: '00000000000000000000000000000000') in 0.000444 seconds
  ERROR: Build asset version error: assets/scenes/scripts/player.cs in SourceAssetDB has modification time of '2021-02-02T06:25:05.9339051Z' while content on disk has modification time of '2021-02-02T06:25:29.8461643Z'
  Import took 0.012094 seconds .

========================================================================
Received Import Request.
  Time since last request: 0.085361 seconds.
  path: Assets/Scenes/Scripts/Player.cs
  artifactKey: Guid(0ed438ce85e84a64ca44a3ea515f7012) Importer(815301076,1909f56bfc062723c751e8b465ee728b)
Start importing Assets/Scenes/Scripts/Player.cs using Guid(0ed438ce85e84a64ca44a3ea515f7012) Importer(815301076,1909f56bfc062723c751e8b465ee728b)  -> (artifact id: '00000000000000000000000000000000') in 0.000477 seconds
  ERROR: Build asset version error: assets/scenes/scripts/player.cs in SourceAssetDB has modification time of '2021-02-02T06:25:05.9339051Z' while content on disk has modification time of '2021-02-02T06:25:29.8461643Z'
  Import took 0.012043 seconds .

========================================================================
Received Import Request.
  Time since last request: 0.084074 seconds.
  path: Assets/Scenes/Scripts/Player.cs
  artifactKey: Guid(0ed438ce85e84a64ca44a3ea515f7012) Importer(815301076,1909f56bfc062723c751e8b465ee728b)
Start importing Assets/Scenes/Scripts/Player.cs using Guid(0ed438ce85e84a64ca44a3ea515f7012) Importer(815301076,1909f56bfc062723c751e8b465ee728b)  -> (artifact id: '00000000000000000000000000000000') in 0.000697 seconds
  ERROR: Build asset version error: assets/scenes/scripts/player.cs in SourceAssetDB has modification time of '2021-02-02T06:25:05.9339051Z' while content on disk has modification time of '2021-02-02T06:25:29.8461643Z'
  Import took 0.013153 seconds .

========================================================================
Received Import Request.
  Time since last request: 0.087011 seconds.
  path: Assets/Scenes/Scripts/Player.cs
  artifactKey: Guid(0ed438ce85e84a64ca44a3ea515f7012) Importer(815301076,1909f56bfc062723c751e8b465ee728b)
Start importing Assets/Scenes/Scripts/Player.cs using Guid(0ed438ce85e84a64ca44a3ea515f7012) Importer(815301076,1909f56bfc062723c751e8b465ee728b)  -> (artifact id: '00000000000000000000000000000000') in 0.000482 seconds
  ERROR: Build asset version error: assets/scenes/scripts/player.cs in SourceAssetDB has modification time of '2021-02-02T06:25:05.9339051Z' while content on disk has modification time of '2021-02-02T06:25:29.8461643Z'
  Import took 0.012900 seconds .

========================================================================
Received Import Request.
  Time since last request: 0.088037 seconds.
  path: Assets/Scenes/Scripts/Player.cs
  artifactKey: Guid(0ed438ce85e84a64ca44a3ea515f7012) Importer(815301076,1909f56bfc062723c751e8b465ee728b)
Start importing Assets/Scenes/Scripts/Player.cs using Guid(0ed438ce85e84a64ca44a3ea515f7012) Importer(815301076,1909f56bfc062723c751e8b465ee728b)  -> (artifact id: '00000000000000000000000000000000') in 0.000500 seconds
  ERROR: Build asset version error: assets/scenes/scripts/player.cs in SourceAssetDB has modification time of '2021-02-02T06:25:05.9339051Z' while content on disk has modification time of '2021-02-02T06:25:29.8461643Z'
  Import took 0.012466 seconds .

========================================================================
Received Import Request.
  Time since last request: 0.084552 seconds.
  path: Assets/Scenes/Scripts/Player.cs
  artifactKey: Guid(0ed438ce85e84a64ca44a3ea515f7012) Importer(815301076,1909f56bfc062723c751e8b465ee728b)
Start importing Assets/Scenes/Scripts/Player.cs using Guid(0ed438ce85e84a64ca44a3ea515f7012) Importer(815301076,1909f56bfc062723c751e8b465ee728b)  -> (artifact id: '00000000000000000000000000000000') in 0.000499 seconds
  ERROR: Build asset version error: assets/scenes/scripts/player.cs in SourceAssetDB has modification time of '2021-02-02T06:25:05.9339051Z' while content on disk has modification time of '2021-02-02T06:25:29.8461643Z'
  Import took 0.015423 seconds .

========================================================================
Received Import Request.
  Time since last request: 0.102329 seconds.
  path: Assets/Scenes/Scripts/Player.cs
  artifactKey: Guid(0ed438ce85e84a64ca44a3ea515f7012) Importer(815301076,1909f56bfc062723c751e8b465ee728b)
Start importing Assets/Scenes/Scripts/Player.cs using Guid(0ed438ce85e84a64ca44a3ea515f7012) Importer(815301076,1909f56bfc062723c751e8b465ee728b)  -> (artifact id: '00000000000000000000000000000000') in 0.000723 seconds
  ERROR: Build asset version error: assets/scenes/scripts/player.cs in SourceAssetDB has modification time of '2021-02-02T06:25:05.9339051Z' while content on disk has modification time of '2021-02-02T06:25:29.8461643Z'
  Import took 0.026431 seconds .

========================================================================
Received Prepare
Registering precompiled user dll's ...
Registered in 0.003169 seconds.
Begin MonoManager ReloadAssembly
Native extension for WindowsStandalone target not found
Refreshing native plugins compatible for Editor in 1.18 ms, found 1 plugins.
Preloading 0 native plugins for Editor in 0.00 ms.
Invoked RoslynAnalysisRunner static constructor.
RoslynAnalysisRunner will not be running.
RoslynAnalysisRunner has terminated.
Mono: successfully reloaded assembly
- Completed reload, in  2.544 seconds
Platform modules already initialized, skipping
Shader 'Universal Render Pipeline/Particles/Lit': fallback shader 'Universal Render Pipeline/Particles/SimpleLit' not found
Refreshing native plugins compatible for Editor in 1.21 ms, found 1 plugins.
Preloading 0 native plugins for Editor in 0.00 ms.
Unloading 3510 Unused Serialized files (Serialized files now loaded: 0)
System memory in use before: 152.8 MB.
System memory in use after: 153.0 MB.

Unloading 9 unused Assets to reduce memory usage. Loaded Objects now: 4190.
Total: 6.152600 ms (FindLiveObjects: 0.695600 ms CreateObjectMapping: 0.468100 ms MarkObjects: 4.930400 ms  DeleteObjects: 0.055900 ms)

========================================================================
Received Import Request.
  Time since last request: 13.016721 seconds.
  path: Assets/Scenes/Scripts/Player.cs
  artifactKey: Guid(0ed438ce85e84a64ca44a3ea515f7012) Importer(815301076,1909f56bfc062723c751e8b465ee728b)
Start importing Assets/Scenes/Scripts/Player.cs using Guid(0ed438ce85e84a64ca44a3ea515f7012) Importer(815301076,1909f56bfc062723c751e8b465ee728b)  -> (artifact id: '19a6e36af495f43b400367d30bcd50da') in 0.018092 seconds
  Import took 0.034764 seconds .

========================================================================
Received Prepare
Registering precompiled user dll's ...
Registered in 0.004182 seconds.
Begin MonoManager ReloadAssembly
Native extension for WindowsStandalone target not found
Refreshing native plugins compatible for Editor in 1.83 ms, found 1 plugins.
Preloading 0 native plugins for Editor in 0.00 ms.
Invoked RoslynAnalysisRunner static constructor.
RoslynAnalysisRunner will not be running.
RoslynAnalysisRunner has terminated.
Mono: successfully reloaded assembly
- Completed reload, in  2.710 seconds
Platform modules already initialized, skipping
Shader 'Universal Render Pipeline/Particles/Lit': fallback shader 'Universal Render Pipeline/Particles/SimpleLit' not found
Refreshing native plugins compatible for Editor in 1.21 ms, found 1 plugins.
Preloading 0 native plugins for Editor in 0.00 ms.
Unloading 3509 Unused Serialized files (Serialized files now loaded: 0)
System memory in use before: 152.7 MB.
System memory in use after: 153.0 MB.

Unloading 9 unused Assets to reduce memory usage. Loaded Objects now: 4192.
Total: 8.706500 ms (FindLiveObjects: 0.930100 ms CreateObjectMapping: 0.528500 ms MarkObjects: 7.180300 ms  DeleteObjects: 0.064500 ms)

========================================================================
Received Prepare
Registering precompiled user dll's ...
Registered in 0.004811 seconds.
Begin MonoManager ReloadAssembly
Native extension for WindowsStandalone target not found
Refreshing native plugins compatible for Editor in 1.26 ms, found 1 plugins.
Preloading 0 native plugins for Editor in 0.00 ms.
Invoked RoslynAnalysisRunner static constructor.
RoslynAnalysisRunner will not be running.
RoslynAnalysisRunner has terminated.
Mono: successfully reloaded assembly
- Completed reload, in  2.774 seconds
Platform modules already initialized, skipping
Shader 'Universal Render Pipeline/Particles/Lit': fallback shader 'Universal Render Pipeline/Particles/SimpleLit' not found
Refreshing native plugins compatible for Editor in 1.23 ms, found 1 plugins.
Preloading 0 native plugins for Editor in 0.00 ms.
Unloading 3509 Unused Serialized files (Serialized files now loaded: 0)
System memory in use before: 152.8 MB.
System memory in use after: 153.0 MB.

Unloading 9 unused Assets to reduce memory usage. Loaded Objects now: 4195.
Total: 6.449500 ms (FindLiveObjects: 0.633000 ms CreateObjectMapping: 0.456500 ms MarkObjects: 5.315700 ms  DeleteObjects: 0.041100 ms)

========================================================================
Received Import Request.
  Time since last request: 54.902511 seconds.
  path: Assets/Scenes/Scripts/Coin.cs
  artifactKey: Guid(b89d4c26c1f11b045a490e0fdb5cc14d) Importer(815301076,1909f56bfc062723c751e8b465ee728b)
Start importing Assets/Scenes/Scripts/Coin.cs using Guid(b89d4c26c1f11b045a490e0fdb5cc14d) Importer(815301076,1909f56bfc062723c751e8b465ee728b)  -> (artifact id: '299048fa295b61ec516c2fda9fb229b8') in 0.019021 seconds
  Import took 0.034101 seconds .

========================================================================
Received Prepare
Registering precompiled user dll's ...
Registered in 0.003101 seconds.
Begin MonoManager ReloadAssembly
Native extension for WindowsStandalone target not found
Refreshing native plugins compatible for Editor in 1.67 ms, found 1 plugins.
Preloading 0 native plugins for Editor in 0.00 ms.
Invoked RoslynAnalysisRunner static constructor.
RoslynAnalysisRunner will not be running.
RoslynAnalysisRunner has terminated.
Mono: successfully reloaded assembly
- Completed reload, in  3.130 seconds
Platform modules already initialized, skipping
Shader 'Universal Render Pipeline/Particles/Lit': fallback shader 'Universal Render Pipeline/Particles/SimpleLit' not found
Refreshing native plugins compatible for Editor in 1.18 ms, found 1 plugins.
Preloading 0 native plugins for Editor in 0.00 ms.
Unloading 3509 Unused Serialized files (Serialized files now loaded: 0)
System memory in use before: 152.8 MB.
System memory in use after: 153.1 MB.

Unloading 9 unused Assets to reduce memory usage. Loaded Objects now: 4198.
Total: 6.083600 ms (FindLiveObjects: 0.757600 ms CreateObjectMapping: 0.459100 ms MarkObjects: 4.814800 ms  DeleteObjects: 0.049500 ms)

========================================================================
Received Import Request.
  Time since last request: 76.234253 seconds.
  path: ProjectSettings/TagManager.asset
  artifactKey: Guid(00000000000000003000000000000000) Importer(815301076,1909f56bfc062723c751e8b465ee728b)
Start importing ProjectSettings/TagManager.asset using Guid(00000000000000003000000000000000) Importer(815301076,1909f56bfc062723c751e8b465ee728b)  -> (artifact id: 'ad9fa7ba6f16038d8723ae3a33c5eb32') in 0.038193 seconds
  Import took 0.051483 seconds .

========================================================================
Received Import Request.
  Time since last request: 0.015351 seconds.
  path: ProjectSettings/TagManager.asset
  artifactKey: Guid(00000000000000003000000000000000) Importer(815301076,1909f56bfc062723c751e8b465ee728b)
Start importing ProjectSettings/TagManager.asset using Guid(00000000000000003000000000000000) Importer(815301076,1909f56bfc062723c751e8b465ee728b)  -> (artifact id: 'ad9fa7ba6f16038d8723ae3a33c5eb32') in 0.005776 seconds
  Import took 0.018227 seconds .

========================================================================
Received Prepare
Registering precompiled user dll's ...
Registered in 0.005256 seconds.
Begin MonoManager ReloadAssembly
Native extension for WindowsStandalone target not found
Refreshing native plugins compatible for Editor in 1.16 ms, found 1 plugins.
Preloading 0 native plugins for Editor in 0.00 ms.
Invoked RoslynAnalysisRunner static constructor.
RoslynAnalysisRunner will not be running.
RoslynAnalysisRunner has terminated.
Mono: successfully reloaded assembly
- Completed reload, in  2.629 seconds
Platform modules already initialized, skipping
Shader 'Universal Render Pipeline/Particles/Lit': fallback shader 'Universal Render Pipeline/Particles/SimpleLit' not found
Refreshing native plugins compatible for Editor in 1.29 ms, found 1 plugins.
Preloading 0 native plugins for Editor in 0.00 ms.
Unloading 3510 Unused Serialized files (Serialized files now loaded: 0)
System memory in use before: 152.6 MB.
System memory in use after: 152.9 MB.

Unloading 11 unused Assets to reduce memory usage. Loaded Objects now: 4202.
Total: 6.147600 ms (FindLiveObjects: 0.667800 ms CreateObjectMapping: 0.435800 ms MarkObjects: 4.978100 ms  DeleteObjects: 0.063600 ms)

========================================================================
Received Prepare
Registering precompiled user dll's ...
Registered in 0.002837 seconds.
Begin MonoManager ReloadAssembly
Native extension for WindowsStandalone target not found
Refreshing native plugins compatible for Editor in 1.19 ms, found 1 plugins.
Preloading 0 native plugins for Editor in 0.00 ms.
Invoked RoslynAnalysisRunner static constructor.
RoslynAnalysisRunner will not be running.
RoslynAnalysisRunner has terminated.
Mono: successfully reloaded assembly
- Completed reload, in  2.599 seconds
Platform modules already initialized, skipping
Shader 'Universal Render Pipeline/Particles/Lit': fallback shader 'Universal Render Pipeline/Particles/SimpleLit' not found
Refreshing native plugins compatible for Editor in 1.23 ms, found 1 plugins.
Preloading 0 native plugins for Editor in 0.00 ms.
Unloading 3510 Unused Serialized files (Serialized files now loaded: 0)
System memory in use before: 152.8 MB.
System memory in use after: 153.1 MB.

Unloading 9 unused Assets to reduce memory usage. Loaded Objects now: 4205.
Total: 5.432600 ms (FindLiveObjects: 0.640900 ms CreateObjectMapping: 0.401000 ms MarkObjects: 4.344400 ms  DeleteObjects: 0.044000 ms)

========================================================================
Received Import Request.
  Time since last request: 279.547881 seconds.
  path: ProjectSettings/TagManager.asset
  artifactKey: Guid(00000000000000003000000000000000) Importer(815301076,1909f56bfc062723c751e8b465ee728b)
Start importing ProjectSettings/TagManager.asset using Guid(00000000000000003000000000000000) Importer(815301076,1909f56bfc062723c751e8b465ee728b)  -> (artifact id: 'a67800402808f98e8707a938f5f3e8bb') in 0.039983 seconds
  Import took 0.122480 seconds .

========================================================================
Received Prepare
Registering precompiled user dll's ...
Registered in 0.002983 seconds.
Begin MonoManager ReloadAssembly
Native extension for WindowsStandalone target not found
Refreshing native plugins compatible for Editor in 1.17 ms, found 1 plugins.
Preloading 0 native plugins for Editor in 0.00 ms.
Invoked RoslynAnalysisRunner static constructor.
RoslynAnalysisRunner will not be running.
RoslynAnalysisRunner has terminated.
Mono: successfully reloaded assembly
- Completed reload, in  2.957 seconds
Platform modules already initialized, skipping
Shader 'Universal Render Pipeline/Particles/Lit': fallback shader 'Universal Render Pipeline/Particles/SimpleLit' not found
Refreshing native plugins compatible for Editor in 1.14 ms, found 1 plugins.
Preloading 0 native plugins for Editor in 0.00 ms.
Unloading 3510 Unused Serialized files (Serialized files now loaded: 0)
System memory in use before: 152.9 MB.
System memory in use after: 153.1 MB.

Unloading 10 unused Assets to reduce memory usage. Loaded Objects now: 4208.
Total: 6.396400 ms (FindLiveObjects: 0.617600 ms CreateObjectMapping: 0.504000 ms MarkObjects: 5.192400 ms  DeleteObjects: 0.079700 ms)

========================================================================
Received Prepare
Registering precompiled user dll's ...
Registered in 0.003106 seconds.
Begin MonoManager ReloadAssembly
Native extension for WindowsStandalone target not found
Refreshing native plugins compatible for Editor in 1.26 ms, found 1 plugins.
Preloading 0 native plugins for Editor in 0.00 ms.
Invoked RoslynAnalysisRunner static constructor.
RoslynAnalysisRunner will not be running.
RoslynAnalysisRunner has terminated.
Mono: successfully reloaded assembly
- Completed reload, in  2.586 seconds
Platform modules already initialized, skipping
Shader 'Universal Render Pipeline/Particles/Lit': fallback shader 'Universal Render Pipeline/Particles/SimpleLit' not found
Refreshing native plugins compatible for Editor in 1.36 ms, found 1 plugins.
Preloading 0 native plugins for Editor in 0.00 ms.
Unloading 3510 Unused Serialized files (Serialized files now loaded: 0)
System memory in use before: 152.5 MB.
System memory in use after: 152.7 MB.

Unloading 9 unused Assets to reduce memory usage. Loaded Objects now: 4211.
Total: 7.337700 ms (FindLiveObjects: 0.719300 ms CreateObjectMapping: 0.492700 ms MarkObjects: 6.073000 ms  DeleteObjects: 0.050200 ms)

========================================================================
Received Prepare
Registering precompiled user dll's ...
Registered in 0.003029 seconds.
Begin MonoManager ReloadAssembly
Native extension for WindowsStandalone target not found
Refreshing native plugins compatible for Editor in 1.21 ms, found 1 plugins.
Preloading 0 native plugins for Editor in 0.00 ms.
Invoked RoslynAnalysisRunner static constructor.
RoslynAnalysisRunner will not be running.
RoslynAnalysisRunner has terminated.
Mono: successfully reloaded assembly
- Completed reload, in  2.521 seconds
Platform modules already initialized, skipping
Shader 'Universal Render Pipeline/Particles/Lit': fallback shader 'Universal Render Pipeline/Particles/SimpleLit' not found
Refreshing native plugins compatible for Editor in 1.19 ms, found 1 plugins.
Preloading 0 native plugins for Editor in 0.00 ms.
Unloading 3510 Unused Serialized files (Serialized files now loaded: 0)
System memory in use before: 152.9 MB.
System memory in use after: 153.1 MB.

Unloading 9 unused Assets to reduce memory usage. Loaded Objects now: 4214.
Total: 5.911000 ms (FindLiveObjects: 0.600200 ms CreateObjectMapping: 0.457200 ms MarkObjects: 4.783300 ms  DeleteObjects: 0.051200 ms)

========================================================================
Received Prepare
Registering precompiled user dll's ...
Registered in 0.002829 seconds.
Begin MonoManager ReloadAssembly
Native extension for WindowsStandalone target not found
Refreshing native plugins compatible for Editor in 1.18 ms, found 1 plugins.
Preloading 0 native plugins for Editor in 0.00 ms.
Invoked RoslynAnalysisRunner static constructor.
RoslynAnalysisRunner will not be running.
RoslynAnalysisRunner has terminated.
Mono: successfully reloaded assembly
- Completed reload, in  2.538 seconds
Platform modules already initialized, skipping
Shader 'Universal Render Pipeline/Particles/Lit': fallback shader 'Universal Render Pipeline/Particles/SimpleLit' not found
Refreshing native plugins compatible for Editor in 1.17 ms, found 1 plugins.
Preloading 0 native plugins for Editor in 0.00 ms.
Unloading 3510 Unused Serialized files (Serialized files now loaded: 0)
System memory in use before: 152.7 MB.
System memory in use after: 153.0 MB.

Unloading 9 unused Assets to reduce memory usage. Loaded Objects now: 4217.
Total: 5.788400 ms (FindLiveObjects: 0.739900 ms CreateObjectMapping: 0.430600 ms MarkObjects: 4.565700 ms  DeleteObjects: 0.049200 ms)

========================================================================
Received Prepare
Registering precompiled user dll's ...
Registered in 0.003554 seconds.
Begin MonoManager ReloadAssembly
Native extension for WindowsStandalone target not found
Refreshing native plugins compatible for Editor in 1.09 ms, found 1 plugins.
Preloading 0 native plugins for Editor in 0.00 ms.
Invoked RoslynAnalysisRunner static constructor.
RoslynAnalysisRunner will not be running.
RoslynAnalysisRunner has terminated.
Mono: successfully reloaded assembly
- Completed reload, in  2.369 seconds
Platform modules already initialized, skipping
Shader 'Universal Render Pipeline/Particles/Lit': fallback shader 'Universal Render Pipeline/Particles/SimpleLit' not found
Refreshing native plugins compatible for Editor in 1.14 ms, found 1 plugins.
Preloading 0 native plugins for Editor in 0.00 ms.
Unloading 3510 Unused Serialized files (Serialized files now loaded: 0)
System memory in use before: 152.9 MB.
System memory in use after: 153.1 MB.

Unloading 9 unused Assets to reduce memory usage. Loaded Objects now: 4220.
Total: 5.971600 ms (FindLiveObjects: 0.725100 ms CreateObjectMapping: 0.489700 ms MarkObjects: 4.716200 ms  DeleteObjects: 0.038700 ms)

========================================================================
Received Import Request.
  Time since last request: 500.399468 seconds.
  path: Assets/Shaders/2Dcharacter.shadergraph
  artifactKey: Guid(77116c89cd9adcd4399f330bad4433dc) Importer(815301076,1909f56bfc062723c751e8b465ee728b)
Start importing Assets/Shaders/2Dcharacter.shadergraph using Guid(77116c89cd9adcd4399f330bad4433dc) Importer(815301076,1909f56bfc062723c751e8b465ee728b)  -> (artifact id: '738ff12e2d3732d7052c3f65283b8cb1') in 0.040580 seconds
  Import took 0.095452 seconds .

========================================================================
Received Import Request.
  Time since last request: 0.557187 seconds.
  path: Assets/Shaders/2Dcharacter.shadergraph
  artifactKey: Guid(77116c89cd9adcd4399f330bad4433dc) Importer(815301076,1909f56bfc062723c751e8b465ee728b)
Start importing Assets/Shaders/2Dcharacter.shadergraph using Guid(77116c89cd9adcd4399f330bad4433dc) Importer(815301076,1909f56bfc062723c751e8b465ee728b)  -> (artifact id: '738ff12e2d3732d7052c3f65283b8cb1') in 0.004152 seconds
  Import took 0.015193 seconds .

========================================================================
Received Prepare
Registering precompiled user dll's ...
Registered in 0.003075 seconds.
Begin MonoManager ReloadAssembly
Native extension for WindowsStandalone target not found
Refreshing native plugins compatible for Editor in 1.14 ms, found 1 plugins.
Preloading 0 native plugins for Editor in 0.00 ms.
Invoked RoslynAnalysisRunner static constructor.
RoslynAnalysisRunner will not be running.
RoslynAnalysisRunner has terminated.
Mono: successfully reloaded assembly
- Completed reload, in  2.462 seconds
Platform modules already initialized, skipping
Shader 'Universal Render Pipeline/Particles/Lit': fallback shader 'Universal Render Pipeline/Particles/SimpleLit' not found
Refreshing native plugins compatible for Editor in 1.17 ms, found 1 plugins.
Preloading 0 native plugins for Editor in 0.00 ms.
Unloading 3510 Unused Serialized files (Serialized files now loaded: 0)
System memory in use before: 152.9 MB.
System memory in use after: 153.1 MB.

Unloading 9 unused Assets to reduce memory usage. Loaded Objects now: 4223.
Total: 5.718800 ms (FindLiveObjects: 0.593300 ms CreateObjectMapping: 0.391000 ms MarkObjects: 4.682600 ms  DeleteObjects: 0.049700 ms)

AssetImportWorkerClient::OnTransportError - code=2 error=End of file
